\BOOKMARK [1][-]{section.1}{Introduction}{}% 1
\BOOKMARK [2][-]{subsection.1.1}{Motivation}{section.1}% 2
\BOOKMARK [2][-]{subsection.1.2}{Aims and Objectives}{section.1}% 3
\BOOKMARK [2][-]{subsection.1.3}{Scope}{section.1}% 4
\BOOKMARK [3][-]{subsubsection.1.3.1}{Deliverable}{subsection.1.3}% 5
\BOOKMARK [3][-]{subsubsection.1.3.2}{Boundaries and Constraints}{subsection.1.3}% 6
\BOOKMARK [2][-]{subsection.1.4}{Chapter Outlines}{section.1}% 7
\BOOKMARK [1][-]{section.2}{Background and Literature Review}{}% 8
\BOOKMARK [2][-]{subsection.2.1}{Co-operative First Person Shooters}{section.2}% 9
\BOOKMARK [3][-]{subsubsection.2.1.1}{Escort Missions}{subsection.2.1}% 10
\BOOKMARK [2][-]{subsection.2.2}{Maps}{section.2}% 11
\BOOKMARK [2][-]{subsection.2.3}{Escort Mission Maps}{section.2}% 12
\BOOKMARK [2][-]{subsection.2.4}{Procedaul Generation}{section.2}% 13
\BOOKMARK [3][-]{subsubsection.2.4.1}{Procedaully Generated Maps}{subsection.2.4}% 14
\BOOKMARK [2][-]{subsection.2.5}{Evaulating Maps}{section.2}% 15
\BOOKMARK [3][-]{subsubsection.2.5.1}{Path-Finding}{subsection.2.5}% 16
\BOOKMARK [3][-]{subsubsection.2.5.2}{Dijkstra\220s Algorithm}{subsection.2.5}% 17
\BOOKMARK [3][-]{subsubsection.2.5.3}{A Star Pathfinding \(A*\)}{subsection.2.5}% 18
\BOOKMARK [2][-]{subsection.2.6}{Related Work}{section.2}% 19
\BOOKMARK [1][-]{section.3}{Methodolgy}{}% 20
\BOOKMARK [2][-]{subsection.3.1}{Introduction}{section.3}% 21
\BOOKMARK [1][-]{section.4}{Results}{}% 22
\BOOKMARK [1][-]{section.5}{Conclusion}{}% 23
