  app.cpp
c:\users\40161070\downloads\computergraphicsset08116\computer graphics\libenugraphics\app.cpp(57): error C2248: 'std::_Func_class<_Ret,float>::_Empty': cannot access protected member declared in class 'std::_Func_class<_Ret,float>'
          with
          [
              _Ret=bool
          ]
  c:\program files (x86)\microsoft visual studio\2017\community\vc\tools\msvc\14.11.25503\include\functional(363): note: see declaration of 'std::_Func_class<_Ret,float>::_Empty'
          with
          [
              _Ret=bool
          ]
  c:\program files (x86)\microsoft visual studio\2017\community\vc\tools\msvc\14.11.25503\include\functional(552): note: see declaration of 'std::_Func_class<_Ret,float>'
          with
          [
              _Ret=bool
          ]
c:\users\40161070\downloads\computergraphicsset08116\computer graphics\libenugraphics\app.cpp(87): error C2248: 'std::_Func_class<_Ret>::_Empty': cannot access protected member declared in class 'std::_Func_class<_Ret>'
          with
          [
              _Ret=void
          ]
  c:\program files (x86)\microsoft visual studio\2017\community\vc\tools\msvc\14.11.25503\include\functional(363): note: see declaration of 'std::_Func_class<_Ret>::_Empty'
          with
          [
              _Ret=void
          ]
  c:\program files (x86)\microsoft visual studio\2017\community\vc\tools\msvc\14.11.25503\include\functional(552): note: see declaration of 'std::_Func_class<_Ret>'
          with
          [
              _Ret=void
          ]
