\BOOKMARK [0][-]{chapter.1}{Introduction}{}% 1
\BOOKMARK [1][-]{section.1.1}{Motivation}{chapter.1}% 2
\BOOKMARK [1][-]{section.1.2}{Aims and Objectives}{chapter.1}% 3
\BOOKMARK [1][-]{section.1.3}{Scope}{chapter.1}% 4
\BOOKMARK [2][-]{subsection.1.3.1}{Deliverable}{section.1.3}% 5
\BOOKMARK [2][-]{subsection.1.3.2}{Boundaries and Constraints}{section.1.3}% 6
\BOOKMARK [1][-]{section.1.4}{Chapter Outlines}{chapter.1}% 7
\BOOKMARK [0][-]{chapter.2}{Background}{}% 8
\BOOKMARK [1][-]{section.2.1}{Co-operative First Person Shooters}{chapter.2}% 9
\BOOKMARK [2][-]{subsection.2.1.1}{Escort Missions}{section.2.1}% 10
\BOOKMARK [1][-]{section.2.2}{Maps}{chapter.2}% 11
\BOOKMARK [1][-]{section.2.3}{Escort Mission Maps}{chapter.2}% 12
\BOOKMARK [1][-]{section.2.4}{Procedural Generation in Video Games}{chapter.2}% 13
\BOOKMARK [2][-]{subsection.2.4.1}{Procedurally Generated Maps}{section.2.4}% 14
\BOOKMARK [1][-]{section.2.5}{Path-Finding}{chapter.2}% 15
\BOOKMARK [2][-]{subsection.2.5.1}{Dijkstra\220s Algorithm}{section.2.5}% 16
\BOOKMARK [2][-]{subsection.2.5.2}{A Star Path-finding \(A*\)}{section.2.5}% 17
\BOOKMARK [1][-]{section.2.6}{Evaluations}{chapter.2}% 18
\BOOKMARK [2][-]{subsection.2.6.1}{Evaluating Maps}{section.2.6}% 19
\BOOKMARK [1][-]{section.2.7}{Related Work}{chapter.2}% 20
\BOOKMARK [0][-]{chapter.3}{Methodology}{}% 21
\BOOKMARK [1][-]{section.3.1}{Gradient Noise}{chapter.3}% 22
\BOOKMARK [2][-]{subsection.3.1.1}{Perlin Noise}{section.3.1}% 23
\BOOKMARK [1][-]{section.3.2}{Binomial Distribution }{chapter.3}% 24
\BOOKMARK [1][-]{section.3.3}{A* Modifications}{chapter.3}% 25
\BOOKMARK [1][-]{section.3.4}{Height Mapping}{chapter.3}% 26
\BOOKMARK [0][-]{chapter.4}{Implementation}{}% 27
\BOOKMARK [1][-]{section.4.1}{Programming Environment}{chapter.4}% 28
\BOOKMARK [1][-]{section.4.2}{Map Representation}{chapter.4}% 29
\BOOKMARK [1][-]{section.4.3}{Thematics}{chapter.4}% 30
\BOOKMARK [2][-]{subsection.4.3.1}{City}{section.4.3}% 31
\BOOKMARK [2][-]{subsection.4.3.2}{Desert}{section.4.3}% 32
\BOOKMARK [2][-]{subsection.4.3.3}{Village}{section.4.3}% 33
\BOOKMARK [2][-]{subsection.4.3.4}{Seaside}{section.4.3}% 34
\BOOKMARK [0][-]{chapter.5}{Evaluation}{}% 35
\BOOKMARK [0][-]{chapter.6}{Conclusion}{}% 36
\BOOKMARK [0][-]{section*.10}{Appendices}{}% 37
